<?xml version="1.0" encoding="UTF-8"?>
<testsuite name="io.github.minjijo.springboot.domain.posts.PostRepositoryTest" tests="1" skipped="0" failures="0" errors="0" timestamp="2020-03-27T12:00:06" hostname="Minjiui-MacBookPro.local" time="0.261">
  <properties/>
  <testcase name="게시글저장_불러오기" classname="io.github.minjijo.springboot.domain.posts.PostRepositoryTest" time="0.261"/>
  <system-out><![CDATA[21:00:03.784 [Test worker] DEBUG org.springframework.test.context.junit4.SpringJUnit4ClassRunner - SpringJUnit4ClassRunner constructor called with [class io.github.minjijo.springboot.domain.posts.PostRepositoryTest]
21:00:03.792 [Test worker] DEBUG org.springframework.test.context.BootstrapUtils - Instantiating CacheAwareContextLoaderDelegate from class [org.springframework.test.context.cache.DefaultCacheAwareContextLoaderDelegate]
21:00:03.797 [Test worker] DEBUG org.springframework.test.context.BootstrapUtils - Instantiating BootstrapContext using constructor [public org.springframework.test.context.support.DefaultBootstrapContext(java.lang.Class,org.springframework.test.context.CacheAwareContextLoaderDelegate)]
21:00:03.809 [Test worker] DEBUG org.springframework.test.context.BootstrapUtils - Instantiating TestContextBootstrapper for test class [io.github.minjijo.springboot.domain.posts.PostRepositoryTest] from class [org.springframework.boot.test.context.SpringBootTestContextBootstrapper]
21:00:03.816 [Test worker] INFO org.springframework.boot.test.context.SpringBootTestContextBootstrapper - Neither @ContextConfiguration nor @ContextHierarchy found for test class [io.github.minjijo.springboot.domain.posts.PostRepositoryTest], using SpringBootContextLoader
21:00:03.819 [Test worker] DEBUG org.springframework.test.context.support.AbstractContextLoader - Did not detect default resource location for test class [io.github.minjijo.springboot.domain.posts.PostRepositoryTest]: class path resource [io/github/minjijo/springboot/domain/posts/PostRepositoryTest-context.xml] does not exist
21:00:03.819 [Test worker] DEBUG org.springframework.test.context.support.AbstractContextLoader - Did not detect default resource location for test class [io.github.minjijo.springboot.domain.posts.PostRepositoryTest]: class path resource [io/github/minjijo/springboot/domain/posts/PostRepositoryTestContext.groovy] does not exist
21:00:03.820 [Test worker] INFO org.springframework.test.context.support.AbstractContextLoader - Could not detect default resource locations for test class [io.github.minjijo.springboot.domain.posts.PostRepositoryTest]: no resource found for suffixes {-context.xml, Context.groovy}.
21:00:03.820 [Test worker] INFO org.springframework.test.context.support.AnnotationConfigContextLoaderUtils - Could not detect default configuration classes for test class [io.github.minjijo.springboot.domain.posts.PostRepositoryTest]: PostRepositoryTest does not declare any static, non-private, non-final, nested classes annotated with @Configuration.
21:00:03.848 [Test worker] DEBUG org.springframework.test.context.support.ActiveProfilesUtils - Could not find an 'annotation declaring class' for annotation type [org.springframework.test.context.ActiveProfiles] and class [io.github.minjijo.springboot.domain.posts.PostRepositoryTest]
21:00:03.897 [Test worker] DEBUG org.springframework.context.annotation.ClassPathScanningCandidateComponentProvider - Identified candidate component class: file [/Users/minjijo/IdeaProjects/springboot/build/classes/java/main/io/github/minjijo/springboot/Application.class]
21:00:03.898 [Test worker] INFO org.springframework.boot.test.context.SpringBootTestContextBootstrapper - Found @SpringBootConfiguration io.github.minjijo.springboot.Application for test class io.github.minjijo.springboot.domain.posts.PostRepositoryTest
21:00:03.957 [Test worker] DEBUG org.springframework.boot.test.context.SpringBootTestContextBootstrapper - @TestExecutionListeners is not present for class [io.github.minjijo.springboot.domain.posts.PostRepositoryTest]: using defaults.
21:00:03.957 [Test worker] INFO org.springframework.boot.test.context.SpringBootTestContextBootstrapper - Loaded default TestExecutionListener class names from location [META-INF/spring.factories]: [org.springframework.boot.test.autoconfigure.restdocs.RestDocsTestExecutionListener, org.springframework.boot.test.autoconfigure.web.client.MockRestServiceServerResetTestExecutionListener, org.springframework.boot.test.autoconfigure.web.servlet.MockMvcPrintOnlyOnFailureTestExecutionListener, org.springframework.boot.test.autoconfigure.web.servlet.WebDriverTestExecutionListener, org.springframework.boot.test.mock.mockito.MockitoTestExecutionListener, org.springframework.boot.test.mock.mockito.ResetMocksTestExecutionListener, org.springframework.test.context.web.ServletTestExecutionListener, org.springframework.test.context.support.DirtiesContextBeforeModesTestExecutionListener, org.springframework.test.context.support.DependencyInjectionTestExecutionListener, org.springframework.test.context.support.DirtiesContextTestExecutionListener, org.springframework.test.context.transaction.TransactionalTestExecutionListener, org.springframework.test.context.jdbc.SqlScriptsTestExecutionListener]
21:00:03.966 [Test worker] INFO org.springframework.boot.test.context.SpringBootTestContextBootstrapper - Using TestExecutionListeners: [org.springframework.test.context.web.ServletTestExecutionListener@381730e, org.springframework.test.context.support.DirtiesContextBeforeModesTestExecutionListener@3cdec3ae, org.springframework.boot.test.mock.mockito.MockitoTestExecutionListener@bbd66f7, org.springframework.boot.test.autoconfigure.SpringBootDependencyInjectionTestExecutionListener@155d8afb, org.springframework.test.context.support.DirtiesContextTestExecutionListener@1d4c825d, org.springframework.test.context.transaction.TransactionalTestExecutionListener@5745e1e9, org.springframework.test.context.jdbc.SqlScriptsTestExecutionListener@37afbf28, org.springframework.boot.test.autoconfigure.restdocs.RestDocsTestExecutionListener@4edce174, org.springframework.boot.test.autoconfigure.web.client.MockRestServiceServerResetTestExecutionListener@377bdc98, org.springframework.boot.test.autoconfigure.web.servlet.MockMvcPrintOnlyOnFailureTestExecutionListener@4f492937, org.springframework.boot.test.autoconfigure.web.servlet.WebDriverTestExecutionListener@5559909, org.springframework.boot.test.mock.mockito.ResetMocksTestExecutionListener@2c2b1f96]
21:00:03.968 [Test worker] DEBUG org.springframework.test.annotation.ProfileValueUtils - Retrieved @ProfileValueSourceConfiguration [null] for test class [io.github.minjijo.springboot.domain.posts.PostRepositoryTest]
21:00:03.969 [Test worker] DEBUG org.springframework.test.annotation.ProfileValueUtils - Retrieved ProfileValueSource type [class org.springframework.test.annotation.SystemProfileValueSource] for class [io.github.minjijo.springboot.domain.posts.PostRepositoryTest]
21:00:03.971 [Test worker] DEBUG org.springframework.test.annotation.ProfileValueUtils - Retrieved @ProfileValueSourceConfiguration [null] for test class [io.github.minjijo.springboot.domain.posts.PostRepositoryTest]
21:00:03.971 [Test worker] DEBUG org.springframework.test.annotation.ProfileValueUtils - Retrieved ProfileValueSource type [class org.springframework.test.annotation.SystemProfileValueSource] for class [io.github.minjijo.springboot.domain.posts.PostRepositoryTest]
21:00:03.971 [Test worker] DEBUG org.springframework.test.annotation.ProfileValueUtils - Retrieved @ProfileValueSourceConfiguration [null] for test class [io.github.minjijo.springboot.domain.posts.PostRepositoryTest]
21:00:03.971 [Test worker] DEBUG org.springframework.test.annotation.ProfileValueUtils - Retrieved ProfileValueSource type [class org.springframework.test.annotation.SystemProfileValueSource] for class [io.github.minjijo.springboot.domain.posts.PostRepositoryTest]
21:00:03.974 [Test worker] DEBUG org.springframework.test.context.support.AbstractDirtiesContextTestExecutionListener - Before test class: context [DefaultTestContext@7173edb6 testClass = PostRepositoryTest, testInstance = [null], testMethod = [null], testException = [null], mergedContextConfiguration = [WebMergedContextConfiguration@24c986c testClass = PostRepositoryTest, locations = '{}', classes = '{class io.github.minjijo.springboot.Application}', contextInitializerClasses = '[]', activeProfiles = '{}', propertySourceLocations = '{}', propertySourceProperties = '{org.springframework.boot.test.context.SpringBootTestContextBootstrapper=true}', contextCustomizers = set[org.springframework.boot.test.autoconfigure.properties.PropertyMappingContextCustomizer@0, org.springframework.boot.test.autoconfigure.web.servlet.WebDriverContextCustomizerFactory$Customizer@79d7dedb, org.springframework.boot.test.context.filter.ExcludeFilterContextCustomizer@463cbd69, org.springframework.boot.test.json.DuplicateJsonObjectContextCustomizerFactory$DuplicateJsonObjectContextCustomizer@2d4f882c, org.springframework.boot.test.mock.mockito.MockitoContextCustomizer@0, org.springframework.boot.test.web.client.TestRestTemplateContextCustomizer@5324cb46], resourceBasePath = 'src/main/webapp', contextLoader = 'org.springframework.boot.test.context.SpringBootContextLoader', parent = [null]], attributes = map['org.springframework.test.context.web.ServletTestExecutionListener.activateListener' -> true]], class annotated with @DirtiesContext [false] with mode [null].
21:00:03.974 [Test worker] DEBUG org.springframework.test.annotation.ProfileValueUtils - Retrieved @ProfileValueSourceConfiguration [null] for test class [io.github.minjijo.springboot.domain.posts.PostRepositoryTest]
21:00:03.974 [Test worker] DEBUG org.springframework.test.annotation.ProfileValueUtils - Retrieved ProfileValueSource type [class org.springframework.test.annotation.SystemProfileValueSource] for class [io.github.minjijo.springboot.domain.posts.PostRepositoryTest]
21:00:03.987 [Test worker] DEBUG org.springframework.test.context.support.TestPropertySourceUtils - Adding inlined properties to environment: {spring.jmx.enabled=false, org.springframework.boot.test.context.SpringBootTestContextBootstrapper=true, server.port=-1}

  .   ____          _            __ _ _
 /\\ / ___'_ __ _ _(_)_ __  __ _ \ \ \ \
( ( )\___ | '_ | '_| | '_ \/ _` | \ \ \ \
 \\/  ___)| |_)| | | | | || (_| |  ) ) ) )
  '  |____| .__|_| |_|_| |_\__, | / / / /
 =========|_|==============|___/=/_/_/_/
 :: Spring Boot ::        (v2.1.7.RELEASE)

2020-03-27 21:00:04.183  INFO 6357 --- [    Test worker] i.g.m.s.domain.posts.PostRepositoryTest  : Starting PostRepositoryTest on Minjiui-MacBookPro.local with PID 6357 (started by minjijo in /Users/minjijo/IdeaProjects/springboot)
2020-03-27 21:00:04.184  INFO 6357 --- [    Test worker] i.g.m.s.domain.posts.PostRepositoryTest  : No active profile set, falling back to default profiles: default
2020-03-27 21:00:04.620  INFO 6357 --- [    Test worker] .s.d.r.c.RepositoryConfigurationDelegate : Bootstrapping Spring Data repositories in DEFAULT mode.
2020-03-27 21:00:04.674  INFO 6357 --- [    Test worker] .s.d.r.c.RepositoryConfigurationDelegate : Finished Spring Data repository scanning in 39ms. Found 1 repository interfaces.
2020-03-27 21:00:04.975  INFO 6357 --- [    Test worker] trationDelegate$BeanPostProcessorChecker : Bean 'org.springframework.transaction.annotation.ProxyTransactionManagementConfiguration' of type [org.springframework.transaction.annotation.ProxyTransactionManagementConfiguration$$EnhancerBySpringCGLIB$$f9522279] is not eligible for getting processed by all BeanPostProcessors (for example: not eligible for auto-proxying)
2020-03-27 21:00:05.133  INFO 6357 --- [    Test worker] com.zaxxer.hikari.HikariDataSource       : HikariPool-1 - Starting...
2020-03-27 21:00:05.251  INFO 6357 --- [    Test worker] com.zaxxer.hikari.HikariDataSource       : HikariPool-1 - Start completed.
2020-03-27 21:00:05.321  INFO 6357 --- [    Test worker] o.hibernate.jpa.internal.util.LogHelper  : HHH000204: Processing PersistenceUnitInfo [
	name: default
	...]
2020-03-27 21:00:05.372  INFO 6357 --- [    Test worker] org.hibernate.Version                    : HHH000412: Hibernate Core {5.3.10.Final}
2020-03-27 21:00:05.373  INFO 6357 --- [    Test worker] org.hibernate.cfg.Environment            : HHH000206: hibernate.properties not found
2020-03-27 21:00:05.479  INFO 6357 --- [    Test worker] o.hibernate.annotations.common.Version   : HCANN000001: Hibernate Commons Annotations {5.0.4.Final}
2020-03-27 21:00:05.587  INFO 6357 --- [    Test worker] org.hibernate.dialect.Dialect            : HHH000400: Using dialect: org.hibernate.dialect.MySQL5InnoDBDialect
Hibernate: drop table if exists posts
Hibernate: create table posts (id bigint not null auto_increment, author varchar(255), content TEXT not null, title varchar(500) not null, primary key (id)) engine=InnoDB
2020-03-27 21:00:06.033  INFO 6357 --- [    Test worker] o.h.t.schema.internal.SchemaCreatorImpl  : HHH000476: Executing import script 'org.hibernate.tool.schema.internal.exec.ScriptSourceInputNonExistentImpl@75789bd5'
2020-03-27 21:00:06.035  INFO 6357 --- [    Test worker] j.LocalContainerEntityManagerFactoryBean : Initialized JPA EntityManagerFactory for persistence unit 'default'
2020-03-27 21:00:06.620  INFO 6357 --- [    Test worker] o.s.s.concurrent.ThreadPoolTaskExecutor  : Initializing ExecutorService 'applicationTaskExecutor'
2020-03-27 21:00:06.658  WARN 6357 --- [    Test worker] aWebConfiguration$JpaWebMvcConfiguration : spring.jpa.open-in-view is enabled by default. Therefore, database queries may be performed during view rendering. Explicitly configure spring.jpa.open-in-view to disable this warning
2020-03-27 21:00:06.890  INFO 6357 --- [    Test worker] i.g.m.s.domain.posts.PostRepositoryTest  : Started PostRepositoryTest in 2.897 seconds (JVM running for 3.625)
Hibernate: insert into posts (author, content, title) values (?, ?, ?)
2020-03-27 21:00:07.032  INFO 6357 --- [    Test worker] o.h.h.i.QueryTranslatorFactoryInitiator  : HHH000397: Using ASTQueryTranslatorFactory
Hibernate: select posts0_.id as id1_0_, posts0_.author as author2_0_, posts0_.content as content3_0_, posts0_.title as title4_0_ from posts posts0_
Hibernate: select posts0_.id as id1_0_, posts0_.author as author2_0_, posts0_.content as content3_0_, posts0_.title as title4_0_ from posts posts0_
Hibernate: delete from posts where id=?
]]></system-out>
  <system-err><![CDATA[]]></system-err>
</testsuite>
